<?xml version="1.0" encoding="UTF-8"?>
<!-- Generated by org.testng.reporters.JUnitReportReporter -->
<testsuite hostname="Bujjis-MacBook-Pro.local" failures="0" tests="2" name="TestNGAnnotations.Annotations" time="0.038" errors="0" timestamp="07 May 2018 12:09:57 GMT" skipped="0">
  <testcase classname="TestNGAnnotations.Annotations" name="NasicTest" time="0.026"/>
  <testcase classname="TestNGAnnotations.Annotations" name="flightBooking" time="0.012"/>
</testsuite> <!-- TestNGAnnotations.Annotations -->
